E:\教学\2014~2015秋冬\OOP\CODE\UNIT ONE CODE\ABOUT HEAD\DEBUG\TEST.OBJ
E:\教学\2014~2015秋冬\OOP\CODE\UNIT ONE CODE\ABOUT HEAD\DEBUG\VC100.PDB
E:\教学\2014~2015秋冬\OOP\CODE\UNIT ONE CODE\ABOUT HEAD\DEBUG\WASHER.OBJ
E:\课件\2013~2014春夏\OOP\CODE\UNIT ONE CODE\ABOUT HEAD\DEBUG\ABC.OBJ
E:\课件\2013~2014春夏\OOP\CODE\UNIT ONE CODE\ABOUT HEAD\DEBUG\ABOUT HEAD.EXE.EMBED.MANIFEST
E:\课件\2013~2014春夏\OOP\CODE\UNIT ONE CODE\ABOUT HEAD\DEBUG\ABOUT HEAD.EXE.EMBED.MANIFEST.RES
E:\课件\2013~2014春夏\OOP\CODE\UNIT ONE CODE\ABOUT HEAD\DEBUG\ABOUT HEAD.EXE.INTERMEDIATE.MANIFEST
E:\课件\2013~2014春夏\OOP\CODE\UNIT ONE CODE\ABOUT HEAD\DEBUG\APPLE.OBJ
E:\课件\2013~2014春夏\OOP\CODE\UNIT ONE CODE\ABOUT HEAD\DEBUG\ICEBOX.OBJ
E:\课件\2013~2014春夏\OOP\CODE\UNIT ONE CODE\ABOUT HEAD\DEBUG\TEST.OBJ
E:\课件\2013~2014春夏\OOP\CODE\UNIT ONE CODE\ABOUT HEAD\DEBUG\VC100.PDB
E:\课件\2013~2014春夏\OOP\CODE\UNIT ONE CODE\DEBUG\ABOUT HEAD.EXE
E:\课件\2013~2014春夏\OOP\CODE\UNIT ONE CODE\DEBUG\ABOUT HEAD.ILK
E:\课件\2013~2014春夏\OOP\CODE\UNIT ONE CODE\DEBUG\ABOUT HEAD.PDB
E:\浙大\2016~2017秋冬\OOP\Code\unit one code\about head\Debug\abc.obj
E:\浙大\2016~2017秋冬\OOP\Code\unit one code\about head\Debug\about head.exe.embed.manifest
E:\浙大\2016~2017秋冬\OOP\Code\unit one code\about head\Debug\about head.exe.embed.manifest.res
E:\浙大\2016~2017秋冬\OOP\Code\unit one code\about head\Debug\about head.exe.intermediate.manifest
E:\浙大\2016~2017秋冬\OOP\Code\unit one code\about head\Debug\about head_manifest.rc
E:\浙大\2016~2017秋冬\OOP\Code\unit one code\about head\Debug\Apple.obj
E:\浙大\2016~2017秋冬\OOP\Code\unit one code\about head\Debug\cl.command.1.tlog
E:\浙大\2016~2017秋冬\OOP\Code\unit one code\about head\Debug\CL.read.1.tlog
E:\浙大\2016~2017秋冬\OOP\Code\unit one code\about head\Debug\CL.write.1.tlog
E:\浙大\2016~2017秋冬\OOP\Code\unit one code\about head\Debug\Icebox.obj
E:\浙大\2016~2017秋冬\OOP\Code\unit one code\about head\Debug\link.3256.read.1.tlog
E:\浙大\2016~2017秋冬\OOP\Code\unit one code\about head\Debug\link.3256.write.1.tlog
E:\浙大\2016~2017秋冬\OOP\Code\unit one code\about head\Debug\link.3256-cvtres.read.1.tlog
E:\浙大\2016~2017秋冬\OOP\Code\unit one code\about head\Debug\link.3256-cvtres.write.1.tlog
E:\浙大\2016~2017秋冬\OOP\Code\unit one code\about head\Debug\link.command.1.tlog
E:\浙大\2016~2017秋冬\OOP\Code\unit one code\about head\Debug\link.read.1.tlog
E:\浙大\2016~2017秋冬\OOP\Code\unit one code\about head\Debug\link.write.1.tlog
E:\浙大\2016~2017秋冬\OOP\Code\unit one code\about head\Debug\link-cvtres.read.1.tlog
E:\浙大\2016~2017秋冬\OOP\Code\unit one code\about head\Debug\link-cvtres.write.1.tlog
E:\浙大\2016~2017秋冬\OOP\Code\unit one code\about head\Debug\mt.command.1.tlog
E:\浙大\2016~2017秋冬\OOP\Code\unit one code\about head\Debug\mt.read.1.tlog
E:\浙大\2016~2017秋冬\OOP\Code\unit one code\about head\Debug\mt.write.1.tlog
E:\浙大\2016~2017秋冬\OOP\Code\unit one code\about head\Debug\rc.command.1.tlog
E:\浙大\2016~2017秋冬\OOP\Code\unit one code\about head\Debug\rc.read.1.tlog
E:\浙大\2016~2017秋冬\OOP\Code\unit one code\about head\Debug\rc.write.1.tlog
E:\浙大\2016~2017秋冬\OOP\Code\unit one code\about head\Debug\test.obj
E:\浙大\2016~2017秋冬\OOP\Code\unit one code\about head\Debug\vc100.idb
E:\浙大\2016~2017秋冬\OOP\Code\unit one code\about head\Debug\vc100.pdb
E:\浙大\2016~2017秋冬\OOP\Code\unit one code\Debug\about head.exe
E:\浙大\2016~2017秋冬\OOP\Code\unit one code\Debug\about head.ilk
E:\浙大\2016~2017秋冬\OOP\Code\unit one code\Debug\about head.pdb
