D:\浙大\2018~2019春夏\OOP\CODE\UNIT THREE CODE\COMPLEX\SIMPLE COMPLEX\DEBUG\.NETFRAMEWORK,VERSION=V4.0.ASSEMBLYATTRIBUTES.OBJ
D:\浙大\2018~2019春夏\OOP\Code\unit three code\complex\simple complex\Debug\cl.command.1.tlog
D:\浙大\2018~2019春夏\OOP\Code\unit three code\complex\simple complex\Debug\CL.read.1.tlog
D:\浙大\2018~2019春夏\OOP\Code\unit three code\complex\simple complex\Debug\CL.write.1.tlog
D:\浙大\2018~2019春夏\OOP\CODE\UNIT THREE CODE\COMPLEX\SIMPLE COMPLEX\DEBUG\COMPLEX.OBJ
D:\浙大\2018~2019春夏\OOP\Code\unit three code\complex\simple complex\Debug\link.10016.read.1.tlog
D:\浙大\2018~2019春夏\OOP\Code\unit three code\complex\simple complex\Debug\link.10016.write.1.tlog
D:\浙大\2018~2019春夏\OOP\Code\unit three code\complex\simple complex\Debug\link.command.1.tlog
D:\浙大\2018~2019春夏\OOP\Code\unit three code\complex\simple complex\Debug\link.read.1.tlog
D:\浙大\2018~2019春夏\OOP\Code\unit three code\complex\simple complex\Debug\link.write.1.tlog
D:\浙大\2018~2019春夏\OOP\Code\unit three code\complex\simple complex\Debug\mt.command.1.tlog
D:\浙大\2018~2019春夏\OOP\Code\unit three code\complex\simple complex\Debug\mt.read.1.tlog
D:\浙大\2018~2019春夏\OOP\Code\unit three code\complex\simple complex\Debug\mt.write.1.tlog
D:\浙大\2018~2019春夏\OOP\CODE\UNIT THREE CODE\COMPLEX\SIMPLE COMPLEX\DEBUG\SIMPLE COMPLEX.EXE.INTERMEDIATE.MANIFEST
D:\浙大\2018~2019春夏\OOP\Code\unit three code\complex\simple complex\Debug\simple complex.write.1.tlog
D:\浙大\2018~2019春夏\OOP\CODE\UNIT THREE CODE\COMPLEX\SIMPLE COMPLEX\DEBUG\TEST.OBJ
D:\浙大\2018~2019春夏\OOP\CODE\UNIT THREE CODE\COMPLEX\SIMPLE COMPLEX\DEBUG\VC100.PDB
D:\浙大\2018~2019春夏\OOP\CODE\UNIT THREE CODE\DEBUG\SIMPLE COMPLEX.EXE
D:\浙大\2018~2019春夏\OOP\CODE\UNIT THREE CODE\DEBUG\SIMPLE COMPLEX.ILK
D:\浙大\2018~2019春夏\OOP\CODE\UNIT THREE CODE\DEBUG\SIMPLE COMPLEX.PDB
