生成启动时间为 2019/1/2 16:00:24。
     1>项目“D:\浙大\2018~2019秋冬\OOP\Code\unit four code\templat queue\templat queue.vcxproj”在节点 2 上(rebuild 个目标)。
     1>_PrepareForClean:
         正在删除文件“Debug\templat queue.lastbuildstate”。
       InitializeBuildStatus:
         正在创建“Debug\templat queue.unsuccessfulbuild”，因为已指定“AlwaysCreate”。
       ClCompile:
         D:\Program Files\Visual Studio 2010 Ultimate\VC\bin\CL.exe /c /ZI /nologo /W3 /WX- /Od /Oy- /D _MBCS /Gm /EHsc /RTC1 /MDd /GS /fp:precise /Zc:wchar_t /Zc:forScope /Fo"Debug\\" /Fd"Debug\vc100.pdb" /Gd /TP /analyze- /errorReport:prompt test.cpp
         test.cpp
       Link:
         D:\Program Files\Visual Studio 2010 Ultimate\VC\bin\link.exe /ERRORREPORT:PROMPT /OUT:"D:\浙大\2018~2019秋冬\OOP\Code\unit four code\Debug\templat queue.exe" /NOLOGO kernel32.lib user32.lib gdi32.lib winspool.lib comdlg32.lib advapi32.lib shell32.lib ole32.lib oleaut32.lib uuid.lib odbc32.lib odbccp32.lib /MANIFEST /ManifestFile:"Debug\templat queue.exe.intermediate.manifest" /MANIFESTUAC:"level='asInvoker' uiAccess='false'" /DEBUG /PDB:"D:\浙大\2018~2019秋冬\OOP\Code\unit four code\Debug\templat queue.pdb" /TLBID:1 /DYNAMICBASE /NXCOMPAT /IMPLIB:"D:\浙大\2018~2019秋冬\OOP\Code\unit four code\Debug\templat queue.lib" /MACHINE:X86 Debug\test.obj
         templat queue.vcxproj -> D:\浙大\2018~2019秋冬\OOP\Code\unit four code\Debug\templat queue.exe
       Manifest:
         C:\Program Files (x86)\Microsoft SDKs\Windows\v7.0A\bin\mt.exe /nologo /verbose /outputresource:"D:\浙大\2018~2019秋冬\OOP\Code\unit four code\Debug\templat queue.exe;#1" /manifest "Debug\templat queue.exe.intermediate.manifest"
       FinalizeBuildStatus:
         正在删除文件“Debug\templat queue.unsuccessfulbuild”。
         正在对“Debug\templat queue.lastbuildstate”执行 Touch 任务。
     1>已完成生成项目“D:\浙大\2018~2019秋冬\OOP\Code\unit four code\templat queue\templat queue.vcxproj”(rebuild 个目标)的操作。

生成成功。

已用时间 00:00:00.95
