D:\浙大\2017~2018秋冬\OOP\Code\unit three code\Operator overloading\Increment  decrement\Debug\cl.command.1.tlog
D:\浙大\2017~2018秋冬\OOP\Code\unit three code\Operator overloading\Increment  decrement\Debug\CL.read.1.tlog
D:\浙大\2017~2018秋冬\OOP\Code\unit three code\Operator overloading\Increment  decrement\Debug\CL.write.1.tlog
D:\浙大\2017~2018秋冬\OOP\Code\unit three code\Operator overloading\Increment  decrement\Debug\counter.obj
D:\浙大\2017~2018秋冬\OOP\Code\unit three code\Operator overloading\Increment  decrement\Debug\Increment  decrement.exe.intermediate.manifest
D:\浙大\2017~2018秋冬\OOP\Code\unit three code\Operator overloading\Increment  decrement\Debug\link.command.1.tlog
D:\浙大\2017~2018秋冬\OOP\Code\unit three code\Operator overloading\Increment  decrement\Debug\link.read.1.tlog
D:\浙大\2017~2018秋冬\OOP\Code\unit three code\Operator overloading\Increment  decrement\Debug\link.write.1.tlog
D:\浙大\2017~2018秋冬\OOP\Code\unit three code\Operator overloading\Increment  decrement\Debug\mt.command.1.tlog
D:\浙大\2017~2018秋冬\OOP\Code\unit three code\Operator overloading\Increment  decrement\Debug\mt.read.1.tlog
D:\浙大\2017~2018秋冬\OOP\Code\unit three code\Operator overloading\Increment  decrement\Debug\mt.write.1.tlog
D:\浙大\2017~2018秋冬\OOP\Code\unit three code\Operator overloading\Increment  decrement\Debug\test.obj
D:\浙大\2017~2018秋冬\OOP\Code\unit three code\Operator overloading\Increment  decrement\Debug\vc100.idb
D:\浙大\2017~2018秋冬\OOP\Code\unit three code\Operator overloading\Increment  decrement\Debug\vc100.pdb
E:\浙大\2015~2016春夏\OOP\CODE\UNIT THREE CODE\DEBUG\INCREMENT  DECREMENT.EXE
E:\浙大\2015~2016春夏\OOP\CODE\UNIT THREE CODE\DEBUG\INCREMENT  DECREMENT.ILK
E:\浙大\2015~2016春夏\OOP\CODE\UNIT THREE CODE\DEBUG\INCREMENT  DECREMENT.PDB
E:\浙大\2015~2016春夏\OOP\CODE\UNIT THREE CODE\INCREMENT  DECREMENT\DEBUG\COUNTER.OBJ
E:\浙大\2015~2016春夏\OOP\CODE\UNIT THREE CODE\INCREMENT  DECREMENT\DEBUG\INCREMENT  DECREMENT.EXE.INTERMEDIATE.MANIFEST
E:\浙大\2015~2016春夏\OOP\CODE\UNIT THREE CODE\INCREMENT  DECREMENT\DEBUG\TEST.OBJ
E:\浙大\2015~2016春夏\OOP\CODE\UNIT THREE CODE\INCREMENT  DECREMENT\DEBUG\VC100.PDB
