D:\浙大\2017~2018秋冬\OOP\CODE\UNIT THREE CODE\CAST\DEBUG\CAST.EXE.INTERMEDIATE.MANIFEST
D:\浙大\2017~2018秋冬\OOP\CODE\UNIT THREE CODE\CAST\DEBUG\CAST.OBJ
D:\浙大\2017~2018秋冬\OOP\CODE\UNIT THREE CODE\CAST\DEBUG\VC100.PDB
D:\浙大\2017~2018秋冬\OOP\CODE\UNIT THREE CODE\DEBUG\CAST.EXE
D:\浙大\2017~2018秋冬\OOP\CODE\UNIT THREE CODE\DEBUG\CAST.ILK
D:\浙大\2017~2018秋冬\OOP\CODE\UNIT THREE CODE\DEBUG\CAST.PDB
D:\浙大\2018~2019秋冬\OOP\Code\unit three code\Cast\Debug\Cast.exe.intermediate.manifest
D:\浙大\2018~2019秋冬\OOP\CODE\UNIT THREE CODE\CAST\DEBUG\CAST.OBJ
D:\浙大\2018~2019秋冬\OOP\Code\unit three code\Cast\Debug\Cast.write.1.tlog
D:\浙大\2018~2019秋冬\OOP\Code\unit three code\Cast\Debug\cl.command.1.tlog
D:\浙大\2018~2019秋冬\OOP\Code\unit three code\Cast\Debug\CL.read.1.tlog
D:\浙大\2018~2019秋冬\OOP\Code\unit three code\Cast\Debug\CL.write.1.tlog
D:\浙大\2018~2019秋冬\OOP\Code\unit three code\Cast\Debug\link.command.1.tlog
D:\浙大\2018~2019秋冬\OOP\Code\unit three code\Cast\Debug\link.read.1.tlog
D:\浙大\2018~2019秋冬\OOP\Code\unit three code\Cast\Debug\link.write.1.tlog
D:\浙大\2018~2019秋冬\OOP\Code\unit three code\Cast\Debug\mt.command.1.tlog
D:\浙大\2018~2019秋冬\OOP\Code\unit three code\Cast\Debug\mt.read.1.tlog
D:\浙大\2018~2019秋冬\OOP\Code\unit three code\Cast\Debug\mt.write.1.tlog
D:\浙大\2018~2019秋冬\OOP\Code\unit three code\Cast\Debug\vc100.idb
D:\浙大\2018~2019秋冬\OOP\CODE\UNIT THREE CODE\CAST\DEBUG\VC100.PDB
D:\浙大\2018~2019秋冬\OOP\Code\unit three code\Debug\Cast.exe
D:\浙大\2018~2019秋冬\OOP\Code\unit three code\Debug\Cast.ilk
D:\浙大\2018~2019秋冬\OOP\Code\unit three code\Debug\Cast.pdb
