生成启动时间为 2018/11/23 16:49:33。
     1>项目“D:\浙大\2018~2019秋冬\OOP\Code\unit two code\array\array.vcxproj”在节点 2 上(build 个目标)。
     1>InitializeBuildStatus:
         正在创建“Debug\array.unsuccessfulbuild”，因为已指定“AlwaysCreate”。
       ClCompile:
         D:\Program Files\Visual Studio 2010 Ultimate\VC\bin\CL.exe /c /ZI /nologo /W3 /WX- /Od /Oy- /D _MBCS /Gm /EHsc /RTC1 /MDd /GS /fp:precise /Zc:wchar_t /Zc:forScope /Fo"Debug\\" /Fd"Debug\vc100.pdb" /Gd /TP /analyze- /errorReport:prompt Array.cpp
         Array.cpp
     1>d:\浙大\2018~2019秋冬\oop\code\unit two code\array\array.cpp(57): warning C4018: “>=”: 有符号/无符号不匹配
     1>d:\浙大\2018~2019秋冬\oop\code\unit two code\array\array.cpp(69): warning C4018: “>=”: 有符号/无符号不匹配
       Link:
         D:\Program Files\Visual Studio 2010 Ultimate\VC\bin\link.exe /ERRORREPORT:PROMPT /OUT:"D:\浙大\2018~2019秋冬\OOP\Code\unit two code\Debug\array.exe" /NOLOGO kernel32.lib user32.lib gdi32.lib winspool.lib comdlg32.lib advapi32.lib shell32.lib ole32.lib oleaut32.lib uuid.lib odbc32.lib odbccp32.lib /MANIFEST /ManifestFile:"Debug\array.exe.intermediate.manifest" /MANIFESTUAC:"level='asInvoker' uiAccess='false'" /DEBUG /PDB:"D:\浙大\2018~2019秋冬\OOP\Code\unit two code\Debug\array.pdb" /TLBID:1 /DYNAMICBASE /NXCOMPAT /IMPLIB:"D:\浙大\2018~2019秋冬\OOP\Code\unit two code\Debug\array.lib" /MACHINE:X86 Debug\Array.obj
         Debug\test.obj
         LINK : 没有找到 D:\浙大\2018~2019秋冬\OOP\Code\unit two code\Debug\array.exe 或上一个增量链接没有生成它；正在执行完全链接
         array.vcxproj -> D:\浙大\2018~2019秋冬\OOP\Code\unit two code\Debug\array.exe
       Manifest:
         C:\Program Files (x86)\Microsoft SDKs\Windows\v7.0A\bin\mt.exe /nologo /verbose /outputresource:"D:\浙大\2018~2019秋冬\OOP\Code\unit two code\Debug\array.exe;#1" /manifest Debug\array.exe.intermediate.manifest
       FinalizeBuildStatus:
         正在删除文件“Debug\array.unsuccessfulbuild”。
         正在对“Debug\array.lastbuildstate”执行 Touch 任务。
     1>已完成生成项目“D:\浙大\2018~2019秋冬\OOP\Code\unit two code\array\array.vcxproj”(build 个目标)的操作。

生成成功。

已用时间 00:00:00.97
