生成启动时间为 2018/11/15 16:35:40。
     1>项目“D:\浙大\2018~2019秋冬\OOP\Code\unit two code\copyConstructor\copyConstructor.vcxproj”在节点 2 上(rebuild 个目标)。
     1>_PrepareForClean:
         正在删除文件“Debug\copyConstructor.lastbuildstate”。
       InitializeBuildStatus:
         正在创建“Debug\copyConstructor.unsuccessfulbuild”，因为已指定“AlwaysCreate”。
       ClCompile:
         D:\Program Files\Visual Studio 2010 Ultimate\VC\bin\CL.exe /c /ZI /nologo /W3 /WX- /Od /Oy- /D _MBCS /Gm /EHsc /RTC1 /MDd /GS /fp:precise /Zc:wchar_t /Zc:forScope /Fo"Debug\\" /Fd"Debug\vc100.pdb" /Gd /TP /analyze- /errorReport:prompt defaultCopyConstructor.cpp
         defaultCopyConstructor.cpp
     1>d:\浙大\2018~2019秋冬\oop\code\unit two code\copyconstructor\defaultcopyconstructor.cpp(25): warning C4018: “>=”: 有符号/无符号不匹配
     1>d:\浙大\2018~2019秋冬\oop\code\unit two code\copyconstructor\defaultcopyconstructor.cpp(35): warning C4018: “>=”: 有符号/无符号不匹配
       Link:
         D:\Program Files\Visual Studio 2010 Ultimate\VC\bin\link.exe /ERRORREPORT:PROMPT /OUT:"D:\浙大\2018~2019秋冬\OOP\Code\unit two code\Debug\copyConstructor.exe" /NOLOGO kernel32.lib user32.lib gdi32.lib winspool.lib comdlg32.lib advapi32.lib shell32.lib ole32.lib oleaut32.lib uuid.lib odbc32.lib odbccp32.lib /MANIFEST /ManifestFile:"Debug\copyConstructor.exe.intermediate.manifest" /MANIFESTUAC:"level='asInvoker' uiAccess='false'" /DEBUG /PDB:"D:\浙大\2018~2019秋冬\OOP\Code\unit two code\Debug\copyConstructor.pdb" /TLBID:1 /DYNAMICBASE /NXCOMPAT /IMPLIB:"D:\浙大\2018~2019秋冬\OOP\Code\unit two code\Debug\copyConstructor.lib" /MACHINE:X86 Debug\defaultCopyConstructor.obj
         copyConstructor.vcxproj -> D:\浙大\2018~2019秋冬\OOP\Code\unit two code\Debug\copyConstructor.exe
       Manifest:
         C:\Program Files (x86)\Microsoft SDKs\Windows\v7.0A\bin\mt.exe /nologo /verbose /outputresource:"D:\浙大\2018~2019秋冬\OOP\Code\unit two code\Debug\copyConstructor.exe;#1" /manifest Debug\copyConstructor.exe.intermediate.manifest
       FinalizeBuildStatus:
         正在删除文件“Debug\copyConstructor.unsuccessfulbuild”。
         正在对“Debug\copyConstructor.lastbuildstate”执行 Touch 任务。
     1>已完成生成项目“D:\浙大\2018~2019秋冬\OOP\Code\unit two code\copyConstructor\copyConstructor.vcxproj”(rebuild 个目标)的操作。

生成成功。

已用时间 00:00:01.12
