D:\浙大\2017~2018春夏\OOP\Code\unit three code\Composition\Debug\cl.command.1.tlog
D:\浙大\2017~2018春夏\OOP\Code\unit three code\Composition\Debug\CL.read.1.tlog
D:\浙大\2017~2018春夏\OOP\Code\unit three code\Composition\Debug\CL.write.1.tlog
D:\浙大\2017~2018春夏\OOP\Code\unit three code\Composition\Debug\Composition.exe.intermediate.manifest
D:\浙大\2017~2018春夏\OOP\Code\unit three code\Composition\Debug\Composition.vcxprojResolveAssemblyReference.cache
D:\浙大\2017~2018春夏\OOP\Code\unit three code\Composition\Debug\Composition.write.1.tlog
D:\浙大\2017~2018春夏\OOP\Code\unit three code\Composition\Debug\link.command.1.tlog
D:\浙大\2017~2018春夏\OOP\Code\unit three code\Composition\Debug\link.read.1.tlog
D:\浙大\2017~2018春夏\OOP\Code\unit three code\Composition\Debug\link.write.1.tlog
D:\浙大\2017~2018春夏\OOP\Code\unit three code\Composition\Debug\mt.command.1.tlog
D:\浙大\2017~2018春夏\OOP\Code\unit three code\Composition\Debug\mt.read.1.tlog
D:\浙大\2017~2018春夏\OOP\Code\unit three code\Composition\Debug\mt.write.1.tlog
D:\浙大\2017~2018春夏\OOP\CODE\UNIT THREE CODE\COMPOSITION\DEBUG\OBJECT MEMBER.OBJ
D:\浙大\2017~2018春夏\OOP\Code\unit three code\Composition\Debug\vc100.idb
D:\浙大\2017~2018春夏\OOP\CODE\UNIT THREE CODE\COMPOSITION\DEBUG\VC100.PDB
D:\浙大\2017~2018春夏\OOP\Code\unit three code\Debug\Composition.exe
D:\浙大\2017~2018春夏\OOP\Code\unit three code\Debug\Composition.ilk
D:\浙大\2017~2018春夏\OOP\Code\unit three code\Debug\Composition.pdb
D:\浙大\2017~2018秋冬\OOP\CODE\UNIT THREE CODE\COMPOSITION\DEBUG\COMPOSITION.EXE.INTERMEDIATE.MANIFEST
D:\浙大\2017~2018秋冬\OOP\CODE\UNIT THREE CODE\COMPOSITION\DEBUG\OBJECT MEMBER.OBJ
D:\浙大\2017~2018秋冬\OOP\CODE\UNIT THREE CODE\COMPOSITION\DEBUG\VC100.PDB
D:\浙大\2017~2018秋冬\OOP\CODE\UNIT THREE CODE\DEBUG\COMPOSITION.EXE
D:\浙大\2017~2018秋冬\OOP\CODE\UNIT THREE CODE\DEBUG\COMPOSITION.ILK
D:\浙大\2017~2018秋冬\OOP\CODE\UNIT THREE CODE\DEBUG\COMPOSITION.PDB
