D:\浙大\2017~2018秋冬\OOP\Code\unit three code\Debug\operator new.exe
D:\浙大\2017~2018秋冬\OOP\Code\unit three code\Debug\operator new.ilk
D:\浙大\2017~2018秋冬\OOP\Code\unit three code\Debug\operator new.pdb
D:\浙大\2017~2018秋冬\OOP\Code\unit three code\Operator overloading\operator new\Debug\cl.command.1.tlog
D:\浙大\2017~2018秋冬\OOP\Code\unit three code\Operator overloading\operator new\Debug\CL.read.1.tlog
D:\浙大\2017~2018秋冬\OOP\Code\unit three code\Operator overloading\operator new\Debug\CL.write.1.tlog
D:\浙大\2017~2018秋冬\OOP\Code\unit three code\Operator overloading\operator new\Debug\GlobalOperatorNew.obj
D:\浙大\2017~2018秋冬\OOP\Code\unit three code\Operator overloading\operator new\Debug\link.command.1.tlog
D:\浙大\2017~2018秋冬\OOP\Code\unit three code\Operator overloading\operator new\Debug\link.read.1.tlog
D:\浙大\2017~2018秋冬\OOP\Code\unit three code\Operator overloading\operator new\Debug\link.write.1.tlog
D:\浙大\2017~2018秋冬\OOP\Code\unit three code\Operator overloading\operator new\Debug\mt.command.1.tlog
D:\浙大\2017~2018秋冬\OOP\Code\unit three code\Operator overloading\operator new\Debug\mt.read.1.tlog
D:\浙大\2017~2018秋冬\OOP\Code\unit three code\Operator overloading\operator new\Debug\mt.write.1.tlog
D:\浙大\2017~2018秋冬\OOP\Code\unit three code\Operator overloading\operator new\Debug\operator new.exe.intermediate.manifest
D:\浙大\2017~2018秋冬\OOP\Code\unit three code\Operator overloading\operator new\Debug\vc100.idb
D:\浙大\2017~2018秋冬\OOP\Code\unit three code\Operator overloading\operator new\Debug\vc100.pdb
E:\浙大\2016~2017春夏\OOP\CODE\UNIT THREE CODE\UNIT THREE\DEBUG\OPERATOR NEW.EXE
E:\浙大\2016~2017春夏\OOP\CODE\UNIT THREE CODE\UNIT THREE\DEBUG\OPERATOR NEW.ILK
E:\浙大\2016~2017春夏\OOP\CODE\UNIT THREE CODE\UNIT THREE\DEBUG\OPERATOR NEW.PDB
E:\浙大\2016~2017春夏\OOP\CODE\UNIT THREE CODE\UNIT THREE\OPERATOR OVERLOADING\OPERATOR NEW\DEBUG\GLOBALOPERATORNEW.OBJ
E:\浙大\2016~2017春夏\OOP\CODE\UNIT THREE CODE\UNIT THREE\OPERATOR OVERLOADING\OPERATOR NEW\DEBUG\OPERATOR NEW.EXE.INTERMEDIATE.MANIFEST
E:\浙大\2016~2017春夏\OOP\CODE\UNIT THREE CODE\UNIT THREE\OPERATOR OVERLOADING\OPERATOR NEW\DEBUG\VC100.PDB
