生成启动时间为 2018/5/30 15:47:28。
     1>项目“D:\浙大\2017~2018春夏\OOP\Code\unit three code\upcasting\upcasting.vcxproj”在节点 2 上(rebuild 个目标)。
     1>_PrepareForClean:
         正在删除文件“Debug\upcasting.lastbuildstate”。
       InitializeBuildStatus:
         正在对“Debug\upcasting.unsuccessfulbuild”执行 Touch 任务。
       ClCompile:
         D:\Program Files\Visual Studio 2010 Ultimate\VC\bin\CL.exe /c /ZI /nologo /W3 /WX- /Od /Oy- /D _MBCS /Gm /EHsc /RTC1 /MDd /GS /fp:precise /Zc:wchar_t /Zc:forScope /Fo"Debug\\" /Fd"Debug\vc100.pdb" /Gd /TP /analyze- /errorReport:prompt employee.cpp manager.cpp upcastIninheritance.cpp
         upcastIninheritance.cpp
     1>d:\浙大\2017~2018春夏\oop\code\unit three code\upcasting\employee.h(12): warning C4996: 'strcpy': This function or variable may be unsafe. Consider using strcpy_s instead. To disable deprecation, use _CRT_SECURE_NO_WARNINGS. See online help for details.
                 d:\program files\visual studio 2010 ultimate\vc\include\string.h(105) : 参见“strcpy”的声明
     1>d:\浙大\2017~2018春夏\oop\code\unit three code\upcasting\manager.h(14): warning C4996: 'strcpy': This function or variable may be unsafe. Consider using strcpy_s instead. To disable deprecation, use _CRT_SECURE_NO_WARNINGS. See online help for details.
                 d:\program files\visual studio 2010 ultimate\vc\include\string.h(105) : 参见“strcpy”的声明
         manager.cpp
     1>d:\浙大\2017~2018春夏\oop\code\unit three code\upcasting\employee.h(12): warning C4996: 'strcpy': This function or variable may be unsafe. Consider using strcpy_s instead. To disable deprecation, use _CRT_SECURE_NO_WARNINGS. See online help for details.
                 d:\program files\visual studio 2010 ultimate\vc\include\string.h(105) : 参见“strcpy”的声明
     1>d:\浙大\2017~2018春夏\oop\code\unit three code\upcasting\manager.h(14): warning C4996: 'strcpy': This function or variable may be unsafe. Consider using strcpy_s instead. To disable deprecation, use _CRT_SECURE_NO_WARNINGS. See online help for details.
                 d:\program files\visual studio 2010 ultimate\vc\include\string.h(105) : 参见“strcpy”的声明
         employee.cpp
     1>d:\浙大\2017~2018春夏\oop\code\unit three code\upcasting\employee.h(12): warning C4996: 'strcpy': This function or variable may be unsafe. Consider using strcpy_s instead. To disable deprecation, use _CRT_SECURE_NO_WARNINGS. See online help for details.
                 d:\program files\visual studio 2010 ultimate\vc\include\string.h(105) : 参见“strcpy”的声明
         正在生成代码...
       Link:
         D:\Program Files\Visual Studio 2010 Ultimate\VC\bin\link.exe /ERRORREPORT:PROMPT /OUT:"D:\浙大\2017~2018春夏\OOP\Code\unit three code\Debug\upcasting.exe" /NOLOGO kernel32.lib user32.lib gdi32.lib winspool.lib comdlg32.lib advapi32.lib shell32.lib ole32.lib oleaut32.lib uuid.lib odbc32.lib odbccp32.lib /MANIFEST /ManifestFile:"Debug\upcasting.exe.intermediate.manifest" /MANIFESTUAC:"level='asInvoker' uiAccess='false'" /DEBUG /PDB:"D:\浙大\2017~2018春夏\OOP\Code\unit three code\Debug\upcasting.pdb" /TLBID:1 /DYNAMICBASE /NXCOMPAT /IMPLIB:"D:\浙大\2017~2018春夏\OOP\Code\unit three code\Debug\upcasting.lib" /MACHINE:X86 Debug\employee.obj
         Debug\manager.obj
         Debug\upcastIninheritance.obj
         upcasting.vcxproj -> D:\浙大\2017~2018春夏\OOP\Code\unit three code\Debug\upcasting.exe
       Manifest:
         C:\Program Files (x86)\Microsoft SDKs\Windows\v7.0A\bin\mt.exe /nologo /verbose /outputresource:"D:\浙大\2017~2018春夏\OOP\Code\unit three code\Debug\upcasting.exe;#1" /manifest Debug\upcasting.exe.intermediate.manifest
       FinalizeBuildStatus:
         正在删除文件“Debug\upcasting.unsuccessfulbuild”。
         正在对“Debug\upcasting.lastbuildstate”执行 Touch 任务。
     1>已完成生成项目“D:\浙大\2017~2018春夏\OOP\Code\unit three code\upcasting\upcasting.vcxproj”(rebuild 个目标)的操作。

生成成功。

已用时间 00:00:01.54
