D:\浙大\2018~2019秋冬\OOP\CODE\UNIT ONE CODE\DEBUG\STL.EXE
D:\浙大\2018~2019秋冬\OOP\CODE\UNIT ONE CODE\DEBUG\STL.ILK
D:\浙大\2018~2019秋冬\OOP\CODE\UNIT ONE CODE\DEBUG\STL.PDB
D:\浙大\2018~2019秋冬\OOP\CODE\UNIT ONE CODE\STL\DEBUG\.NETFRAMEWORK,VERSION=V4.0.ASSEMBLYATTRIBUTES.OBJ
D:\浙大\2018~2019秋冬\OOP\Code\unit one code\STL\Debug\cl.command.1.tlog
D:\浙大\2018~2019秋冬\OOP\Code\unit one code\STL\Debug\CL.read.1.tlog
D:\浙大\2018~2019秋冬\OOP\Code\unit one code\STL\Debug\CL.write.1.tlog
D:\浙大\2018~2019秋冬\OOP\CODE\UNIT ONE CODE\STL\DEBUG\HELLOSTRINGS.OBJ
D:\浙大\2018~2019秋冬\OOP\Code\unit one code\STL\Debug\link.2528.read.1.tlog
D:\浙大\2018~2019秋冬\OOP\Code\unit one code\STL\Debug\link.2528.write.1.tlog
D:\浙大\2018~2019秋冬\OOP\Code\unit one code\STL\Debug\link.3468.read.1.tlog
D:\浙大\2018~2019秋冬\OOP\Code\unit one code\STL\Debug\link.3468.write.1.tlog
D:\浙大\2018~2019秋冬\OOP\Code\unit one code\STL\Debug\link.command.1.tlog
D:\浙大\2018~2019秋冬\OOP\Code\unit one code\STL\Debug\link.read.1.tlog
D:\浙大\2018~2019秋冬\OOP\Code\unit one code\STL\Debug\link.write.1.tlog
D:\浙大\2018~2019秋冬\OOP\Code\unit one code\STL\Debug\mt.command.1.tlog
D:\浙大\2018~2019秋冬\OOP\Code\unit one code\STL\Debug\mt.read.1.tlog
D:\浙大\2018~2019秋冬\OOP\Code\unit one code\STL\Debug\mt.write.1.tlog
D:\浙大\2018~2019秋冬\OOP\CODE\UNIT ONE CODE\STL\DEBUG\STL.EXE.INTERMEDIATE.MANIFEST
D:\浙大\2018~2019秋冬\OOP\Code\unit one code\STL\Debug\STL.vcxprojResolveAssemblyReference.cache
D:\浙大\2018~2019秋冬\OOP\Code\unit one code\STL\Debug\STL.write.1.tlog
D:\浙大\2018~2019秋冬\OOP\CODE\UNIT ONE CODE\STL\DEBUG\VC100.PDB
