生成启动时间为 2018/9/28 16:19:47。
     1>项目“D:\浙大\2018~2019秋冬\OOP\Code\unit one code\STL\STL.vcxproj”在节点 2 上(rebuild 个目标)。
     1>_PrepareForClean:
         正在删除文件“Debug\STL.lastbuildstate”。
       InitializeBuildStatus:
         正在创建“Debug\STL.unsuccessfulbuild”，因为已指定“AlwaysCreate”。
       GenerateTargetFrameworkMonikerAttribute:
       正在跳过目标“GenerateTargetFrameworkMonikerAttribute”，因为所有输出文件相对于输入文件而言都是最新的。
       ClCompile:
         D:\Program Files\Visual Studio 2010 Ultimate\VC\bin\CL.exe /c /AI"C:\Program Files (x86)\Reference Assemblies\Microsoft\Framework\.NETFramework\v4.0" /Zi /clr /nologo /W3 /WX- /Od /Oy- /D WIN32 /D _DEBUG /D _UNICODE /D UNICODE /EHa /MDd /GS /fp:precise /Zc:wchar_t /Zc:forScope /Fo"Debug\\" /Fd"Debug\vc100.pdb" /TP /FU"C:\Program Files (x86)\Reference Assemblies\Microsoft\Framework\.NETFramework\v4.0\System.Core.dll" /FU"C:\Program Files (x86)\Reference Assemblies\Microsoft\Framework\.NETFramework\v4.0\System.Data.dll" /FU"C:\Program Files (x86)\Reference Assemblies\Microsoft\Framework\.NETFramework\v4.0\System.dll" /FU"C:\Program Files (x86)\Reference Assemblies\Microsoft\Framework\.NETFramework\v4.0\System.Drawing.dll" /FU"C:\Program Files (x86)\Reference Assemblies\Microsoft\Framework\.NETFramework\v4.0\System.Windows.Forms.dll" /FU"C:\Program Files (x86)\Reference Assemblies\Microsoft\Framework\.NETFramework\v4.0\System.Xml.dll" /analyze- /errorReport:prompt HelloStrings.cpp /clr:nostdlib 
         HelloStrings.cpp
     1>HelloStrings.cpp(27): warning C4996: 'strcpy': This function or variable may be unsafe. Consider using strcpy_s instead. To disable deprecation, use _CRT_SECURE_NO_WARNINGS. See online help for details.
                 D:\Program Files\Visual Studio 2010 Ultimate\VC\include\string.h(105) : 参见“strcpy”的声明
     1>HelloStrings.cpp(32): warning C4996: 'strcat': This function or variable may be unsafe. Consider using strcat_s instead. To disable deprecation, use _CRT_SECURE_NO_WARNINGS. See online help for details.
                 D:\Program Files\Visual Studio 2010 Ultimate\VC\include\string.h(110) : 参见“strcat”的声明
         D:\Program Files\Visual Studio 2010 Ultimate\VC\bin\CL.exe /c /Zi /clr /nologo /W3 /WX- /Od /Oy- /D WIN32 /D _DEBUG /D _UNICODE /D UNICODE /EHa /MDd /GS /fp:precise /Zc:wchar_t /Zc:forScope /Fo"Debug\\" /Fd"Debug\vc100.pdb" /TP /analyze- /errorReport:prompt "C:\Users\Administrator\AppData\Local\Temp\.NETFramework,Version=v4.0.AssemblyAttributes.cpp"
         .NETFramework,Version=v4.0.AssemblyAttributes.cpp
       Link:
         D:\Program Files\Visual Studio 2010 Ultimate\VC\bin\link.exe /ERRORREPORT:PROMPT /OUT:"D:\浙大\2018~2019秋冬\OOP\Code\unit one code\Debug\STL.exe" /INCREMENTAL /NOLOGO /MANIFEST /ManifestFile:"Debug\STL.exe.intermediate.manifest" /MANIFESTUAC:"level='asInvoker' uiAccess='false'" /DEBUG /PDB:"D:\浙大\2018~2019秋冬\OOP\Code\unit one code\Debug\STL.pdb" /ASSEMBLYDEBUG /TLBID:1 /DYNAMICBASE /FIXED:NO /NXCOMPAT /MACHINE:X86 Debug\HelloStrings.obj
         "Debug\.NETFramework,Version=v4.0.AssemblyAttributes.obj"
         STL.vcxproj -> D:\浙大\2018~2019秋冬\OOP\Code\unit one code\Debug\STL.exe
       Manifest:
         C:\Program Files (x86)\Microsoft SDKs\Windows\v7.0A\bin\mt.exe /nologo /verbose /outputresource:"D:\浙大\2018~2019秋冬\OOP\Code\unit one code\Debug\STL.exe;#1" /manifest Debug\STL.exe.intermediate.manifest
       FinalizeBuildStatus:
         正在删除文件“Debug\STL.unsuccessfulbuild”。
         正在对“Debug\STL.lastbuildstate”执行 Touch 任务。
     1>已完成生成项目“D:\浙大\2018~2019秋冬\OOP\Code\unit one code\STL\STL.vcxproj”(rebuild 个目标)的操作。

生成成功。

已用时间 00:00:01.84
