D:\浙大\2017~2018春夏\OOP\Code\unit one code\action of head file\Debug\action of head file.exe.intermediate.manifest
D:\浙大\2017~2018春夏\OOP\Code\unit one code\action of head file\Debug\cl.command.1.tlog
D:\浙大\2017~2018春夏\OOP\Code\unit one code\action of head file\Debug\CL.read.1.tlog
D:\浙大\2017~2018春夏\OOP\Code\unit one code\action of head file\Debug\CL.write.1.tlog
D:\浙大\2017~2018春夏\OOP\Code\unit one code\action of head file\Debug\link.command.1.tlog
D:\浙大\2017~2018春夏\OOP\Code\unit one code\action of head file\Debug\link.read.1.tlog
D:\浙大\2017~2018春夏\OOP\Code\unit one code\action of head file\Debug\link.write.1.tlog
D:\浙大\2017~2018春夏\OOP\Code\unit one code\action of head file\Debug\mt.command.1.tlog
D:\浙大\2017~2018春夏\OOP\Code\unit one code\action of head file\Debug\mt.read.1.tlog
D:\浙大\2017~2018春夏\OOP\Code\unit one code\action of head file\Debug\mt.write.1.tlog
D:\浙大\2017~2018春夏\OOP\Code\unit one code\action of head file\Debug\test.obj
D:\浙大\2017~2018春夏\OOP\Code\unit one code\action of head file\Debug\vc100.idb
D:\浙大\2017~2018春夏\OOP\Code\unit one code\action of head file\Debug\vc100.pdb
D:\浙大\2017~2018春夏\OOP\Code\unit one code\Debug\action of head file.exe
D:\浙大\2017~2018春夏\OOP\Code\unit one code\Debug\action of head file.ilk
D:\浙大\2017~2018春夏\OOP\Code\unit one code\Debug\action of head file.pdb
E:\浙大\2016~2017秋冬\OOP\CODE\UNIT ONE CODE\ACTION OF HEAD FILE\DEBUG\ACTION OF HEAD FILE.EXE.INTERMEDIATE.MANIFEST
E:\浙大\2016~2017秋冬\OOP\CODE\UNIT ONE CODE\ACTION OF HEAD FILE\DEBUG\TEST.OBJ
E:\浙大\2016~2017秋冬\OOP\CODE\UNIT ONE CODE\ACTION OF HEAD FILE\DEBUG\VC100.PDB
E:\浙大\2016~2017秋冬\OOP\CODE\UNIT ONE CODE\DEBUG\ACTION OF HEAD FILE.EXE
E:\浙大\2016~2017秋冬\OOP\CODE\UNIT ONE CODE\DEBUG\ACTION OF HEAD FILE.ILK
E:\浙大\2016~2017秋冬\OOP\CODE\UNIT ONE CODE\DEBUG\ACTION OF HEAD FILE.PDB
