D:\浙大\2016~2017春夏\OOP\Code\unit four code\Debug\review.exe
D:\浙大\2016~2017春夏\OOP\Code\unit four code\Debug\review.ilk
D:\浙大\2016~2017春夏\OOP\Code\unit four code\Debug\review.pdb
D:\浙大\2016~2017春夏\OOP\Code\unit four code\review\Debug\cl.command.1.tlog
D:\浙大\2016~2017春夏\OOP\Code\unit four code\review\Debug\CL.read.1.tlog
D:\浙大\2016~2017春夏\OOP\Code\unit four code\review\Debug\CL.write.1.tlog
D:\浙大\2016~2017春夏\OOP\Code\unit four code\review\Debug\link.command.1.tlog
D:\浙大\2016~2017春夏\OOP\Code\unit four code\review\Debug\link.read.1.tlog
D:\浙大\2016~2017春夏\OOP\Code\unit four code\review\Debug\link.write.1.tlog
D:\浙大\2016~2017春夏\OOP\Code\unit four code\review\Debug\mt.command.1.tlog
D:\浙大\2016~2017春夏\OOP\Code\unit four code\review\Debug\mt.read.1.tlog
D:\浙大\2016~2017春夏\OOP\Code\unit four code\review\Debug\mt.write.1.tlog
D:\浙大\2016~2017春夏\OOP\Code\unit four code\review\Debug\review.exe.intermediate.manifest
D:\浙大\2016~2017春夏\OOP\Code\unit four code\review\Debug\review.vcxprojResolveAssemblyReference.cache
D:\浙大\2016~2017春夏\OOP\Code\unit four code\review\Debug\review.write.1.tlog
D:\浙大\2016~2017春夏\OOP\Code\unit four code\review\Debug\test.obj
D:\浙大\2016~2017春夏\OOP\Code\unit four code\review\Debug\vc100.idb
D:\浙大\2016~2017春夏\OOP\CODE\UNIT FOUR CODE\REVIEW\DEBUG\VC100.PDB
E:\浙大\2016~2017秋冬\OOP\CODE\UNIT FOUR CODE\DEBUG\REVIEW.EXE
E:\浙大\2016~2017秋冬\OOP\CODE\UNIT FOUR CODE\DEBUG\REVIEW.ILK
E:\浙大\2016~2017秋冬\OOP\CODE\UNIT FOUR CODE\DEBUG\REVIEW.PDB
E:\浙大\2016~2017秋冬\OOP\CODE\UNIT FOUR CODE\REVIEW\DEBUG\MYOBJECT.OBJ
E:\浙大\2016~2017秋冬\OOP\CODE\UNIT FOUR CODE\REVIEW\DEBUG\REVIEW.EXE.INTERMEDIATE.MANIFEST
E:\浙大\2016~2017秋冬\OOP\CODE\UNIT FOUR CODE\REVIEW\DEBUG\TEST.OBJ
E:\浙大\2016~2017秋冬\OOP\CODE\UNIT FOUR CODE\REVIEW\DEBUG\VC100.PDB
