D:\浙大\2017~2018秋冬\OOP\Code\unit three code\student\Debug\cl.command.1.tlog
D:\浙大\2017~2018秋冬\OOP\Code\unit three code\student\Debug\CL.read.1.tlog
D:\浙大\2017~2018秋冬\OOP\Code\unit three code\student\Debug\CL.write.1.tlog
D:\浙大\2017~2018秋冬\OOP\Code\unit three code\student\Debug\link.command.1.tlog
D:\浙大\2017~2018秋冬\OOP\Code\unit three code\student\Debug\link.read.1.tlog
D:\浙大\2017~2018秋冬\OOP\Code\unit three code\student\Debug\link.write.1.tlog
D:\浙大\2017~2018秋冬\OOP\Code\unit three code\student\Debug\mt.command.1.tlog
D:\浙大\2017~2018秋冬\OOP\Code\unit three code\student\Debug\mt.read.1.tlog
D:\浙大\2017~2018秋冬\OOP\Code\unit three code\student\Debug\mt.write.1.tlog
D:\浙大\2017~2018秋冬\OOP\Code\unit three code\student\Debug\student.exe.intermediate.manifest
D:\浙大\2017~2018秋冬\OOP\Code\unit three code\student\Debug\student.obj
D:\浙大\2017~2018秋冬\OOP\Code\unit three code\student\Debug\test.obj
D:\浙大\2017~2018秋冬\OOP\Code\unit three code\student\Debug\vc100.idb
D:\浙大\2017~2018秋冬\OOP\Code\unit three code\student\Debug\vc100.pdb
E:\浙大\2015~2016春夏\OOP\CODE\UNIT THREE CODE\DEBUG\STUDENT.EXE
E:\浙大\2015~2016春夏\OOP\CODE\UNIT THREE CODE\DEBUG\STUDENT.ILK
E:\浙大\2015~2016春夏\OOP\CODE\UNIT THREE CODE\DEBUG\STUDENT.PDB
E:\浙大\2015~2016春夏\OOP\CODE\UNIT THREE CODE\STUDENT\DEBUG\STUDENT.EXE.INTERMEDIATE.MANIFEST
E:\浙大\2015~2016春夏\OOP\CODE\UNIT THREE CODE\STUDENT\DEBUG\STUDENT.OBJ
E:\浙大\2015~2016春夏\OOP\CODE\UNIT THREE CODE\STUDENT\DEBUG\TEST.OBJ
E:\浙大\2015~2016春夏\OOP\CODE\UNIT THREE CODE\STUDENT\DEBUG\VC100.PDB
