生成启动时间为 2018/4/8 14:00:11。
     1>项目“D:\浙大\2017~2018春夏\OOP\Code\unit two code\inline_全局函数\inline_全局函数.vcxproj”在节点 2 上(rebuild 个目标)。
     1>_PrepareForClean:
         正在删除文件“Debug\inline.lastbuildstate”。
       InitializeBuildStatus:
         正在对“Debug\inline.unsuccessfulbuild”执行 Touch 任务。
       ClCompile:
         D:\Program Files\Visual Studio 2010 Ultimate\VC\bin\CL.exe /c /ZI /nologo /W3 /WX- /Od /Oy- /D _UNICODE /D UNICODE /Gm /EHsc /RTC1 /MDd /GS /fp:precise /Zc:wchar_t /Zc:forScope /Fo"Debug\\" /Fd"Debug\vc100.pdb" /Gd /TP /analyze- /errorReport:prompt "..\inline\inline in complex\test.cpp"
         test.cpp
       Link:
         D:\Program Files\Visual Studio 2010 Ultimate\VC\bin\link.exe /ERRORREPORT:PROMPT /OUT:"D:\浙大\2017~2018春夏\OOP\Code\unit two code\Debug\inline.exe" /NOLOGO kernel32.lib user32.lib gdi32.lib winspool.lib comdlg32.lib advapi32.lib shell32.lib ole32.lib oleaut32.lib uuid.lib odbc32.lib odbccp32.lib /MANIFEST /ManifestFile:"Debug\inline.exe.intermediate.manifest" /MANIFESTUAC:"level='asInvoker' uiAccess='false'" /DEBUG /PDB:"D:\浙大\2017~2018春夏\OOP\Code\unit two code\Debug\inline.pdb" /TLBID:1 /DYNAMICBASE /NXCOMPAT /IMPLIB:"D:\浙大\2017~2018春夏\OOP\Code\unit two code\Debug\inline.lib" /MACHINE:X86 Debug\test.obj
         inline_全局函数.vcxproj -> D:\浙大\2017~2018春夏\OOP\Code\unit two code\Debug\inline.exe
       Manifest:
         C:\Program Files (x86)\Microsoft SDKs\Windows\v7.0A\bin\mt.exe /nologo /verbose /outputresource:"D:\浙大\2017~2018春夏\OOP\Code\unit two code\Debug\inline.exe;#1" /manifest Debug\inline.exe.intermediate.manifest
       FinalizeBuildStatus:
         正在删除文件“Debug\inline.unsuccessfulbuild”。
         正在对“Debug\inline.lastbuildstate”执行 Touch 任务。
     1>已完成生成项目“D:\浙大\2017~2018春夏\OOP\Code\unit two code\inline_全局函数\inline_全局函数.vcxproj”(rebuild 个目标)的操作。

生成成功。

已用时间 00:00:00.79
