E:\浙大\2016~2017春夏\OOP\Code\unit one code\Debug\namespace.exe
E:\浙大\2016~2017春夏\OOP\Code\unit one code\Debug\namespace.ilk
E:\浙大\2016~2017春夏\OOP\Code\unit one code\Debug\namespace.pdb
E:\浙大\2016~2017春夏\OOP\Code\unit one code\namespace\Debug\cl.command.1.tlog
E:\浙大\2016~2017春夏\OOP\Code\unit one code\namespace\Debug\CL.read.1.tlog
E:\浙大\2016~2017春夏\OOP\Code\unit one code\namespace\Debug\CL.write.1.tlog
E:\浙大\2016~2017春夏\OOP\Code\unit one code\namespace\Debug\link.command.1.tlog
E:\浙大\2016~2017春夏\OOP\Code\unit one code\namespace\Debug\link.read.1.tlog
E:\浙大\2016~2017春夏\OOP\Code\unit one code\namespace\Debug\link.write.1.tlog
E:\浙大\2016~2017春夏\OOP\Code\unit one code\namespace\Debug\mt.command.1.tlog
E:\浙大\2016~2017春夏\OOP\Code\unit one code\namespace\Debug\mt.read.1.tlog
E:\浙大\2016~2017春夏\OOP\Code\unit one code\namespace\Debug\mt.write.1.tlog
E:\浙大\2016~2017春夏\OOP\CODE\UNIT ONE CODE\NAMESPACE\DEBUG\NAMESP.OBJ
E:\浙大\2016~2017春夏\OOP\Code\unit one code\namespace\Debug\namesp_test.obj
E:\浙大\2016~2017春夏\OOP\Code\unit one code\namespace\Debug\namespace.exe.intermediate.manifest
E:\浙大\2016~2017春夏\OOP\Code\unit one code\namespace\Debug\vc100.idb
E:\浙大\2016~2017春夏\OOP\CODE\UNIT ONE CODE\NAMESPACE\DEBUG\VC100.PDB
E:\浙大\2016~2017秋冬\OOP\CODE\UNIT ONE CODE\DEBUG\NAMESPACE.EXE
E:\浙大\2016~2017秋冬\OOP\CODE\UNIT ONE CODE\DEBUG\NAMESPACE.ILK
E:\浙大\2016~2017秋冬\OOP\CODE\UNIT ONE CODE\DEBUG\NAMESPACE.PDB
E:\浙大\2016~2017秋冬\OOP\CODE\UNIT ONE CODE\NAMESPACE\DEBUG\NAMESP.OBJ
E:\浙大\2016~2017秋冬\OOP\CODE\UNIT ONE CODE\NAMESPACE\DEBUG\NAMESP_TEST.OBJ
E:\浙大\2016~2017秋冬\OOP\CODE\UNIT ONE CODE\NAMESPACE\DEBUG\NAMESPACE.EXE.INTERMEDIATE.MANIFEST
E:\浙大\2016~2017秋冬\OOP\CODE\UNIT ONE CODE\NAMESPACE\DEBUG\VC100.PDB
