D:\浙大\2017~2018春夏\OOP\CODE\UNIT TWO CODE\POINTER\DEBUG\CONSTPOINTERS.OBJ
D:\浙大\2017~2018春夏\OOP\CODE\UNIT TWO CODE\POINTER\DEBUG\DIFFERENCE BETWEEN POINTERS IN C AND IN C++.OBJ
D:\浙大\2017~2018春夏\OOP\CODE\UNIT TWO CODE\POINTER\DEBUG\VC100.PDB
D:\浙大\2017~2018春夏\OOP\CODE\UNIT TWO CODE\POINTER\DEBUG\指针和数组.OBJ
D:\浙大\2018~2019春夏\OOP\Code\unit two code\Debug\pointers.ilk
D:\浙大\2018~2019春夏\OOP\Code\unit two code\Debug\pointers.pdb
D:\浙大\2018~2019春夏\OOP\CODE\UNIT TWO CODE\POINTER\DEBUG\.NETFRAMEWORK,VERSION=V4.0.ASSEMBLYATTRIBUTES.OBJ
D:\浙大\2018~2019春夏\OOP\Code\unit two code\pointer\Debug\cl.command.1.tlog
D:\浙大\2018~2019春夏\OOP\Code\unit two code\pointer\Debug\CL.read.1.tlog
D:\浙大\2018~2019春夏\OOP\Code\unit two code\pointer\Debug\CL.write.1.tlog
D:\浙大\2018~2019春夏\OOP\Code\unit two code\pointer\Debug\ConstPointers.obj
D:\浙大\2018~2019春夏\OOP\CODE\UNIT TWO CODE\POINTER\DEBUG\DIFFERENCE BETWEEN POINTERS IN C AND IN C++.OBJ
D:\浙大\2018~2019春夏\OOP\Code\unit two code\pointer\Debug\link.9164.read.1.tlog
D:\浙大\2018~2019春夏\OOP\Code\unit two code\pointer\Debug\link.9164.write.1.tlog
D:\浙大\2018~2019春夏\OOP\Code\unit two code\pointer\Debug\link.command.1.tlog
D:\浙大\2018~2019春夏\OOP\Code\unit two code\pointer\Debug\link.read.1.tlog
D:\浙大\2018~2019春夏\OOP\Code\unit two code\pointer\Debug\link.write.1.tlog
D:\浙大\2018~2019春夏\OOP\Code\unit two code\pointer\Debug\pointer.vcxprojResolveAssemblyReference.cache
D:\浙大\2018~2019春夏\OOP\Code\unit two code\pointer\Debug\pointers.exe.intermediate.manifest
D:\浙大\2018~2019春夏\OOP\Code\unit two code\pointer\Debug\pointers.write.1.tlog
D:\浙大\2018~2019春夏\OOP\CODE\UNIT TWO CODE\POINTER\DEBUG\VC100.PDB
D:\浙大\2018~2019春夏\OOP\Code\unit two code\pointer\Debug\指针和数组.obj
