D:\浙大\2017~2018秋冬\OOP\Code\unit three code\Polymorphism\dynamic binding\Debug\cl.command.1.tlog
D:\浙大\2017~2018秋冬\OOP\Code\unit three code\Polymorphism\dynamic binding\Debug\CL.read.1.tlog
D:\浙大\2017~2018秋冬\OOP\Code\unit three code\Polymorphism\dynamic binding\Debug\CL.write.1.tlog
D:\浙大\2017~2018秋冬\OOP\Code\unit three code\Polymorphism\dynamic binding\Debug\dynamic binding.exe.intermediate.manifest
D:\浙大\2017~2018秋冬\OOP\Code\unit three code\Polymorphism\dynamic binding\Debug\employee.obj
D:\浙大\2017~2018秋冬\OOP\Code\unit three code\Polymorphism\dynamic binding\Debug\link.command.1.tlog
D:\浙大\2017~2018秋冬\OOP\Code\unit three code\Polymorphism\dynamic binding\Debug\link.read.1.tlog
D:\浙大\2017~2018秋冬\OOP\Code\unit three code\Polymorphism\dynamic binding\Debug\link.write.1.tlog
D:\浙大\2017~2018秋冬\OOP\Code\unit three code\Polymorphism\dynamic binding\Debug\manager.obj
D:\浙大\2017~2018秋冬\OOP\Code\unit three code\Polymorphism\dynamic binding\Debug\mt.command.1.tlog
D:\浙大\2017~2018秋冬\OOP\Code\unit three code\Polymorphism\dynamic binding\Debug\mt.read.1.tlog
D:\浙大\2017~2018秋冬\OOP\Code\unit three code\Polymorphism\dynamic binding\Debug\mt.write.1.tlog
D:\浙大\2017~2018秋冬\OOP\Code\unit three code\Polymorphism\dynamic binding\Debug\vc100.idb
D:\浙大\2017~2018秋冬\OOP\Code\unit three code\Polymorphism\dynamic binding\Debug\vc100.pdb
E:\浙大\2015~2016春夏\OOP\CODE\UNIT THREE CODE\DEBUG\DYNAMIC BINDING.EXE
E:\浙大\2015~2016春夏\OOP\CODE\UNIT THREE CODE\DEBUG\DYNAMIC BINDING.ILK
E:\浙大\2015~2016春夏\OOP\CODE\UNIT THREE CODE\DEBUG\DYNAMIC BINDING.PDB
E:\浙大\2015~2016春夏\OOP\CODE\UNIT THREE CODE\DYNAMIC BINDING\DEBUG\DYNAMIC BINDING.EXE.INTERMEDIATE.MANIFEST
E:\浙大\2015~2016春夏\OOP\CODE\UNIT THREE CODE\DYNAMIC BINDING\DEBUG\EMPLOYEE.OBJ
E:\浙大\2015~2016春夏\OOP\CODE\UNIT THREE CODE\DYNAMIC BINDING\DEBUG\MANAGER.OBJ
E:\浙大\2015~2016春夏\OOP\CODE\UNIT THREE CODE\DYNAMIC BINDING\DEBUG\TEST.OBJ
E:\浙大\2015~2016春夏\OOP\CODE\UNIT THREE CODE\DYNAMIC BINDING\DEBUG\VC100.PDB
E:\浙大\2016~2017秋冬\OOP\CODE\UNIT THREE CODE\UNIT THREE\POLYMORPHISM\DYNAMIC BINDING\DEBUG\VC100.PDB
