生成启动时间为 2018/3/14 15:08:24。
     1>项目“D:\浙大\2017~2018春夏\OOP\Code\unit two code\Declarations VS definitions\Declarations VS definitions.vcxproj”在节点 2 上(rebuild 个目标)。
     1>InitializeBuildStatus:
         正在创建“Debug\Declarations VS definitions.unsuccessfulbuild”，因为已指定“AlwaysCreate”。
       ClCompile:
         D:\Program Files\Visual Studio 2010 Ultimate\VC\bin\CL.exe /c /ZI /nologo /W3 /WX- /Od /Oy- /D _MBCS /Gm /EHsc /RTC1 /MDd /GS /fp:precise /Zc:wchar_t /Zc:forScope /Fo"Debug\\" /Fd"Debug\vc100.pdb" /Gd /TP /analyze- /errorReport:prompt def_dec.cpp otherFile.cpp
         otherFile.cpp
         def_dec.cpp
         正在生成代码...
       Link:
         D:\Program Files\Visual Studio 2010 Ultimate\VC\bin\link.exe /ERRORREPORT:PROMPT /OUT:"D:\浙大\2017~2018春夏\OOP\Code\unit two code\Debug\Declarations VS definitions.exe" /NOLOGO kernel32.lib user32.lib gdi32.lib winspool.lib comdlg32.lib advapi32.lib shell32.lib ole32.lib oleaut32.lib uuid.lib odbc32.lib odbccp32.lib /MANIFEST /ManifestFile:"Debug\Declarations VS definitions.exe.intermediate.manifest" /MANIFESTUAC:"level='asInvoker' uiAccess='false'" /DEBUG /PDB:"D:\浙大\2017~2018春夏\OOP\Code\unit two code\Debug\Declarations VS definitions.pdb" /TLBID:1 /DYNAMICBASE /NXCOMPAT /IMPLIB:"D:\浙大\2017~2018春夏\OOP\Code\unit two code\Debug\Declarations VS definitions.lib" /MACHINE:X86 Debug\def_dec.obj
         Debug\otherFile.obj
         Declarations VS definitions.vcxproj -> D:\浙大\2017~2018春夏\OOP\Code\unit two code\Debug\Declarations VS definitions.exe
       Manifest:
         C:\Program Files (x86)\Microsoft SDKs\Windows\v7.0A\bin\mt.exe /nologo /verbose /outputresource:"D:\浙大\2017~2018春夏\OOP\Code\unit two code\Debug\Declarations VS definitions.exe;#1" /manifest "Debug\Declarations VS definitions.exe.intermediate.manifest"
       FinalizeBuildStatus:
         正在删除文件“Debug\Declarations VS definitions.unsuccessfulbuild”。
         正在对“Debug\Declarations VS definitions.lastbuildstate”执行 Touch 任务。
     1>已完成生成项目“D:\浙大\2017~2018春夏\OOP\Code\unit two code\Declarations VS definitions\Declarations VS definitions.vcxproj”(rebuild 个目标)的操作。

生成成功。

已用时间 00:00:00.48
