D:\浙大\2017~2018秋冬\OOP\CODE\UNIT THREE CODE\DEBUG\EMPLOYEE.EXE
D:\浙大\2017~2018秋冬\OOP\CODE\UNIT THREE CODE\DEBUG\EMPLOYEE.ILK
D:\浙大\2017~2018秋冬\OOP\CODE\UNIT THREE CODE\DEBUG\EMPLOYEE.PDB
D:\浙大\2017~2018秋冬\OOP\CODE\UNIT THREE CODE\EMPLOYEE\DEBUG\EMPLOYEE.EXE.INTERMEDIATE.MANIFEST
D:\浙大\2017~2018秋冬\OOP\CODE\UNIT THREE CODE\EMPLOYEE\DEBUG\EMPLOYEE.OBJ
D:\浙大\2017~2018秋冬\OOP\CODE\UNIT THREE CODE\EMPLOYEE\DEBUG\MANAGER.OBJ
D:\浙大\2017~2018秋冬\OOP\CODE\UNIT THREE CODE\EMPLOYEE\DEBUG\TEST.OBJ
D:\浙大\2017~2018秋冬\OOP\CODE\UNIT THREE CODE\EMPLOYEE\DEBUG\VC100.PDB
D:\浙大\2018~2019秋冬\OOP\Code\unit three code\Debug\employee.exe
D:\浙大\2018~2019秋冬\OOP\Code\unit three code\Debug\employee.ilk
D:\浙大\2018~2019秋冬\OOP\Code\unit three code\Debug\employee.pdb
D:\浙大\2018~2019秋冬\OOP\Code\unit three code\employee\Debug\cl.command.1.tlog
D:\浙大\2018~2019秋冬\OOP\Code\unit three code\employee\Debug\CL.read.1.tlog
D:\浙大\2018~2019秋冬\OOP\Code\unit three code\employee\Debug\CL.write.1.tlog
D:\浙大\2018~2019秋冬\OOP\Code\unit three code\employee\Debug\employee.exe.intermediate.manifest
D:\浙大\2018~2019秋冬\OOP\CODE\UNIT THREE CODE\EMPLOYEE\DEBUG\EMPLOYEE.OBJ
D:\浙大\2018~2019秋冬\OOP\Code\unit three code\employee\Debug\employee.vcxprojResolveAssemblyReference.cache
D:\浙大\2018~2019秋冬\OOP\Code\unit three code\employee\Debug\employee.write.1.tlog
D:\浙大\2018~2019秋冬\OOP\Code\unit three code\employee\Debug\link.command.1.tlog
D:\浙大\2018~2019秋冬\OOP\Code\unit three code\employee\Debug\link.read.1.tlog
D:\浙大\2018~2019秋冬\OOP\Code\unit three code\employee\Debug\link.write.1.tlog
D:\浙大\2018~2019秋冬\OOP\CODE\UNIT THREE CODE\EMPLOYEE\DEBUG\MANAGER.OBJ
D:\浙大\2018~2019秋冬\OOP\Code\unit three code\employee\Debug\mt.command.1.tlog
D:\浙大\2018~2019秋冬\OOP\Code\unit three code\employee\Debug\mt.read.1.tlog
D:\浙大\2018~2019秋冬\OOP\Code\unit three code\employee\Debug\mt.write.1.tlog
D:\浙大\2018~2019秋冬\OOP\CODE\UNIT THREE CODE\EMPLOYEE\DEBUG\TEST.OBJ
D:\浙大\2018~2019秋冬\OOP\Code\unit three code\employee\Debug\vc100.idb
D:\浙大\2018~2019秋冬\OOP\CODE\UNIT THREE CODE\EMPLOYEE\DEBUG\VC100.PDB
