D:\浙大\2018~2019秋冬\OOP\CODE\UNIT THREE CODE\DEBUG\成员函数版 COMPLEX.EXE
D:\浙大\2018~2019秋冬\OOP\CODE\UNIT THREE CODE\DEBUG\成员函数版 COMPLEX.ILK
D:\浙大\2018~2019秋冬\OOP\CODE\UNIT THREE CODE\DEBUG\成员函数版 COMPLEX.PDB
D:\浙大\2018~2019秋冬\OOP\CODE\UNIT THREE CODE\OPERATOR OVERLOADING\成员函数版 COMPLEX\DEBUG\.NETFRAMEWORK,VERSION=V4.0.ASSEMBLYATTRIBUTES.OBJ
D:\浙大\2018~2019秋冬\OOP\Code\unit three code\Operator overloading\成员函数版 complex\Debug\cl.command.1.tlog
D:\浙大\2018~2019秋冬\OOP\Code\unit three code\Operator overloading\成员函数版 complex\Debug\CL.read.1.tlog
D:\浙大\2018~2019秋冬\OOP\Code\unit three code\Operator overloading\成员函数版 complex\Debug\CL.write.1.tlog
D:\浙大\2018~2019秋冬\OOP\CODE\UNIT THREE CODE\OPERATOR OVERLOADING\成员函数版 COMPLEX\DEBUG\COMPLEX.OBJ
D:\浙大\2018~2019秋冬\OOP\CODE\UNIT THREE CODE\OPERATOR OVERLOADING\成员函数版 COMPLEX\DEBUG\COMPLEXTEST.OBJ
D:\浙大\2018~2019秋冬\OOP\Code\unit three code\Operator overloading\成员函数版 complex\Debug\link.8468.read.1.tlog
D:\浙大\2018~2019秋冬\OOP\Code\unit three code\Operator overloading\成员函数版 complex\Debug\link.8468.write.1.tlog
D:\浙大\2018~2019秋冬\OOP\Code\unit three code\Operator overloading\成员函数版 complex\Debug\link.command.1.tlog
D:\浙大\2018~2019秋冬\OOP\Code\unit three code\Operator overloading\成员函数版 complex\Debug\link.read.1.tlog
D:\浙大\2018~2019秋冬\OOP\Code\unit three code\Operator overloading\成员函数版 complex\Debug\link.write.1.tlog
D:\浙大\2018~2019秋冬\OOP\Code\unit three code\Operator overloading\成员函数版 complex\Debug\mt.command.1.tlog
D:\浙大\2018~2019秋冬\OOP\Code\unit three code\Operator overloading\成员函数版 complex\Debug\mt.read.1.tlog
D:\浙大\2018~2019秋冬\OOP\Code\unit three code\Operator overloading\成员函数版 complex\Debug\mt.write.1.tlog
D:\浙大\2018~2019秋冬\OOP\CODE\UNIT THREE CODE\OPERATOR OVERLOADING\成员函数版 COMPLEX\DEBUG\VC100.PDB
D:\浙大\2018~2019秋冬\OOP\CODE\UNIT THREE CODE\OPERATOR OVERLOADING\成员函数版 COMPLEX\DEBUG\成员函数版 COMPLEX.EXE.INTERMEDIATE.MANIFEST
D:\浙大\2018~2019秋冬\OOP\Code\unit three code\Operator overloading\成员函数版 complex\Debug\成员函数版 complex.vcxprojResolveAssemblyReference.cache
D:\浙大\2018~2019秋冬\OOP\Code\unit three code\Operator overloading\成员函数版 complex\Debug\成员函数版 complex.write.1.tlog
